2/18/2022 12:25:44 AM	This log contains information about the import schema operation into project 'GatexDatabase' on computer 'BRANDONETECH' by user 'Damilare'.
2/18/2022 12:25:47 AM	Import of database schema has started.
2/18/2022 12:25:49 AM	Gathering database credentials
2/18/2022 12:25:49 AM	Gathering database options
2/18/2022 12:25:49 AM	Gathering users
2/18/2022 12:25:49 AM	Gathering roles
2/18/2022 12:25:49 AM	Gathering application roles
2/18/2022 12:25:49 AM	Gathering role memberships
2/18/2022 12:25:49 AM	Gathering filegroups
2/18/2022 12:25:49 AM	Gathering full-text catalogs
2/18/2022 12:25:49 AM	Gathering assemblies
2/18/2022 12:25:49 AM	Gathering certificates
2/18/2022 12:25:49 AM	Gathering asymmetric keys
2/18/2022 12:25:49 AM	Gathering symmetric keys
2/18/2022 12:25:49 AM	Gathering encrypted symmetric keys
2/18/2022 12:25:49 AM	Gathering schemas
2/18/2022 12:25:49 AM	Gathering XML schema collections
2/18/2022 12:25:49 AM	Gathering user-defined data types
2/18/2022 12:25:49 AM	Gathering user-defined types
2/18/2022 12:25:49 AM	Gathering table types
2/18/2022 12:25:49 AM	Gathering unique keys for table types
2/18/2022 12:25:49 AM	Gathering primary keys for table types
2/18/2022 12:25:49 AM	Gathering indexes for table types
2/18/2022 12:25:49 AM	Gathering check constraints for table types
2/18/2022 12:25:49 AM	Gathering default constraints for table types
2/18/2022 12:25:49 AM	Gathering partition functions
2/18/2022 12:25:49 AM	Gathering partition schemes
2/18/2022 12:25:54 AM	Gathering functions
2/18/2022 12:25:54 AM	Gathering encrypted functions
2/18/2022 12:25:54 AM	Gathering aggregates
2/18/2022 12:25:54 AM	Gathering procedures
2/18/2022 12:25:54 AM	Gathering encrypted procedures
2/18/2022 12:25:54 AM	Gathering tables
2/18/2022 12:25:54 AM	Gathering primary keys
2/18/2022 12:25:54 AM	Gathering unique constraints
2/18/2022 12:25:54 AM	Gathering foreign keys
2/18/2022 12:25:54 AM	Gathering default constraints
2/18/2022 12:25:54 AM	Gathering check constraints
2/18/2022 12:25:54 AM	Gathering views
2/18/2022 12:25:54 AM	Gathering encrypted views
2/18/2022 12:25:54 AM	Gathering indexes
2/18/2022 12:25:54 AM	Gathering statistics
2/18/2022 12:25:54 AM	Gathering full-text index stoplists
2/18/2022 12:25:54 AM	Gathering search property lists
2/18/2022 12:25:54 AM	Gathering search properties
2/18/2022 12:25:54 AM	Gathering full-text indexes
2/18/2022 12:25:54 AM	Gathering column store indexes
2/18/2022 12:25:54 AM	Gathering spatial indexes
2/18/2022 12:25:54 AM	Gathering XML indexes
2/18/2022 12:25:54 AM	Gathering Selective XML indexes
2/18/2022 12:25:54 AM	Gathering encrypted triggers
2/18/2022 12:25:55 AM	Gathering triggers
2/18/2022 12:25:55 AM	Gathering encrypted and clr ddl triggers
2/18/2022 12:25:55 AM	Gathering ddl triggers
2/18/2022 12:25:55 AM	Gathering synonyms
2/18/2022 12:25:55 AM	Gathering defaults
2/18/2022 12:25:55 AM	Gathering data constraint uddt bindings
2/18/2022 12:25:55 AM	Gathering rules
2/18/2022 12:25:55 AM	Gathering data constraint uddt bindings
2/18/2022 12:25:55 AM	Gathering message types
2/18/2022 12:25:55 AM	Gathering queues
2/18/2022 12:25:55 AM	Gathering contracts
2/18/2022 12:25:55 AM	Gathering services
2/18/2022 12:25:55 AM	Gathering event notifications
2/18/2022 12:25:55 AM	Gathering remote service bindings
2/18/2022 12:25:55 AM	Gathering broker priorities
2/18/2022 12:25:55 AM	Gathering signatures
2/18/2022 12:25:55 AM	Gathering data compression options
2/18/2022 12:25:55 AM	Gathering sequence types
2/18/2022 12:25:55 AM	Gathering security policies
2/18/2022 12:25:55 AM	Gather column encryption keys
2/18/2022 12:25:55 AM	Gathering column master keys
2/18/2022 12:25:55 AM	Gathering external data sources
2/18/2022 12:25:55 AM	Gathering external file formats
2/18/2022 12:25:55 AM	Gathering external tables
2/18/2022 12:25:55 AM	Gathering extended properties
2/18/2022 12:25:55 AM	Gathering credentials
2/18/2022 12:25:55 AM	Gathering logins
2/18/2022 12:25:55 AM	Gathering server audits
2/18/2022 12:25:56 AM	Scanning project for duplicate elements
2/18/2022 12:25:56 AM	Finished duplicate element processing
2/18/2022 12:26:05 AM	Finished importing database.
2/18/2022 12:26:05 AM	A summary of the import was saved to the following location: D:\Documents\Projects\COGATEX\GOTEX\GatexDatabase\Import Schema Logs\GatexDatabase_20220217112544.log
2/18/2022 12:26:05 AM	Click Finish to continue...
